<?xml version="1.0" encoding="UTF-8"?>
<testng-results skipped="0" failed="0" ignored="0" total="1" passed="1">
  <reporter-output>
  </reporter-output>
  <suite name="Default suite" duration-ms="13415" started-at="2023-03-25T12:53:17Z" finished-at="2023-03-25T12:53:31Z">
    <groups>
    </groups>
    <test name="Default test" duration-ms="13415" started-at="2023-03-25T12:53:17Z" finished-at="2023-03-25T12:53:31Z">
      <class name="com.tests.LoginTest">
        <test-method status="PASS" signature="correctcred()[pri:0, instance:com.tests.LoginTest@5b275dab]" name="correctcred" is-config="true" duration-ms="11092" started-at="2023-03-25T12:53:17Z" finished-at="2023-03-25T12:53:28Z">
          <reporter-output>
          </reporter-output>
        </test-method> <!-- correctcred -->
        <test-method status="PASS" signature="verifytitleonNextPage()[pri:0, instance:com.tests.LoginTest@5b275dab]" name="verifytitleonNextPage" duration-ms="2224" started-at="2023-03-25T12:53:28Z" finished-at="2023-03-25T12:53:31Z">
          <reporter-output>
          </reporter-output>
        </test-method> <!-- verifytitleonNextPage -->
      </class> <!-- com.tests.LoginTest -->
    </test> <!-- Default test -->
  </suite> <!-- Default suite -->
</testng-results>
